2021-05-11 15:25:51,871 SSD INFO: Using 1 GPUs
2021-05-11 15:25:51,897 SSD INFO: Namespace(config_file='configs/resnet50_ssd300_voc0712_feature_fusion.yaml', distributed=False, eval_step=1000, local_rank=0, log_step=10, num_gpus=1, opts=[], save_step=6000, skip_test=False, use_tensorboard=False)
2021-05-11 15:25:51,898 SSD INFO: Loaded configuration file configs/resnet50_ssd300_voc0712_feature_fusion.yaml
2021-05-11 15:25:51,898 SSD INFO: 
MODEL:
  NUM_CLASSES: 21
  BACKBONE:
    NAME: "R50_300"
    OUT_CHANNELS: (512, 1024, 2048, 1024, 512, 256)
  RESNET:
    SE: True
    CBAM: False
    FUSION: True
    BLOCKS: [3, 4, 6, 3]
    EXTRAS: [128, 256, 512, 256, 128, 64, 64]
  PRIORS:
    FEATURE_MAPS: [38, 19, 10, 5, 3, 1]
    STRIDES: [8, 16, 32, 64, 100, 300]
    MIN_SIZES: [21, 45, 99, 153, 207, 261]
    MAX_SIZES: [45, 99, 153, 207, 261, 315]
    ASPECT_RATIOS: [[2], [2, 3], [2, 3], [2, 3], [2], [2]]
    BOXES_PER_LOCATION: [4, 6, 6, 6, 4, 4]
INPUT:
  IMAGE_SIZE: 300
DATASETS:
  TRAIN: ("voc_2007_trainval", "voc_2012_trainval")
  TEST: ("voc_2007_test", )
SOLVER:
  MAX_ITER: 120000
  LR_STEPS: [80000, 100000]
  GAMMA: 0.1
  BATCH_SIZE: 32
  LR: 1e-3

OUTPUT_DIR: 'outputs/resnet50_ssd300_voc0712_feature_fusion'

2021-05-11 15:25:51,899 SSD INFO: Running with config:
DATASETS:
  TEST: ('voc_2007_test',)
  TRAIN: ('voc_2007_trainval', 'voc_2012_trainval')
DATA_LOADER:
  NUM_WORKERS: 8
  PIN_MEMORY: True
INPUT:
  IMAGE_SIZE: 300
  PIXEL_MEAN: [123, 117, 104]
MODEL:
  BACKBONE:
    NAME: R50_300
    OUT_CHANNELS: (512, 1024, 2048, 1024, 512, 256)
    PRETRAINED: True
  BOX_HEAD:
    NAME: SSDBoxHead
    PREDICTOR: SSDBoxPredictor
  CENTER_VARIANCE: 0.1
  DEVICE: cuda:0
  META_ARCHITECTURE: SSDDetector
  NEG_POS_RATIO: 3
  NUM_CLASSES: 21
  PRIORS:
    ASPECT_RATIOS: [[2], [2, 3], [2, 3], [2, 3], [2], [2]]
    BOXES_PER_LOCATION: [4, 6, 6, 6, 4, 4]
    CLIP: True
    FEATURE_MAPS: [38, 19, 10, 5, 3, 1]
    MAX_SIZES: [45, 99, 153, 207, 261, 315]
    MIN_SIZES: [21, 45, 99, 153, 207, 261]
    STRIDES: [8, 16, 32, 64, 100, 300]
  RESNET:
    BLOCKS: [3, 4, 6, 3]
    CBAM: False
    EXTRAS: [128, 256, 512, 256, 128, 64, 64]
    FUSION: True
    SE: True
  SIZE_VARIANCE: 0.2
  THRESHOLD: 0.5
OUTPUT_DIR: outputs/resnet50_ssd300_voc0712_feature_fusion
SOLVER:
  BATCH_SIZE: 32
  GAMMA: 0.1
  LR: 0.001
  LR_STEPS: [80000, 100000]
  MAX_ITER: 120000
  MOMENTUM: 0.9
  WARMUP_FACTOR: 0.3333333333333333
  WARMUP_ITERS: 500
  WEIGHT_DECAY: 0.0005
TEST:
  BATCH_SIZE: 10
  CONFIDENCE_THRESHOLD: 0.01
  MAX_PER_CLASS: -1
  MAX_PER_IMAGE: 100
  NMS_THRESHOLD: 0.45
/usr/local/lib/python3.6/dist-packages/torch/cuda/__init__.py:52: UserWarning: CUDA initialization: Unexpected error from cudaGetDeviceCount(). Did you run some cuda functions before calling NumCudaDevices() that might have already set an error? Error 101: invalid device ordinal (Triggered internally at  ../c10/cuda/CUDAFunctions.cpp:109.)
  return torch._C._cuda_getDeviceCount() > 0
Traceback (most recent call last):
  File "train.py", line 117, in <module>
    main()
  File "train.py", line 108, in main
    model = train(cfg, args)
  File "train.py", line 26, in train
    model.to(device)
  File "/usr/local/lib/python3.6/dist-packages/torch/nn/modules/module.py", line 673, in to
    return self._apply(convert)
  File "/usr/local/lib/python3.6/dist-packages/torch/nn/modules/module.py", line 387, in _apply
    module._apply(fn)
  File "/usr/local/lib/python3.6/dist-packages/torch/nn/modules/module.py", line 387, in _apply
    module._apply(fn)
  File "/usr/local/lib/python3.6/dist-packages/torch/nn/modules/module.py", line 409, in _apply
    param_applied = fn(param)
  File "/usr/local/lib/python3.6/dist-packages/torch/nn/modules/module.py", line 671, in convert
    return t.to(device, dtype if t.is_floating_point() or t.is_complex() else None, non_blocking)
  File "/usr/local/lib/python3.6/dist-packages/torch/cuda/__init__.py", line 170, in _lazy_init
    torch._C._cuda_init()
RuntimeError: Unexpected error from cudaGetDeviceCount(). Did you run some cuda functions before calling NumCudaDevices() that might have already set an error? Error 101: invalid device ordinal
